<?xml version="1.0" encoding="UTF-8"?>
<testsuite xmlns:xsi="http://www.w3.org/2001/XMLSchema-instance" xsi:noNamespaceSchemaLocation="https://maven.apache.org/surefire/maven-surefire-plugin/xsd/surefire-test-report-3.0.xsd" version="3.0" name="TestSuite" time="0.731" tests="2" errors="0" skipped="0" failures="0">
  <properties>
    <property name="sun.desktop" value="windows"/>
    <property name="awt.toolkit" value="sun.awt.windows.WToolkit"/>
    <property name="file.encoding.pkg" value="sun.io"/>
    <property name="java.specification.version" value="1.8"/>
    <property name="sun.cpu.isalist" value="amd64"/>
    <property name="sun.jnu.encoding" value="Cp1252"/>
    <property name="java.class.path" value="E:\ANNA SPRING BOOT AND ANGULAR\MAVEN PROJECT TESTING ENV\MavenJava\target\test-classes;E:\ANNA SPRING BOOT AND ANGULAR\MAVEN PROJECT TESTING ENV\MavenJava\target\classes;C:\Users\annasaheb.bhore\.m2\repository\org\testng\testng\6.11\testng-6.11.jar;C:\Users\annasaheb.bhore\.m2\repository\com\beust\jcommander\1.64\jcommander-1.64.jar;C:\Users\annasaheb.bhore\.m2\repository\org\yaml\snakeyaml\1.17\snakeyaml-1.17.jar;C:\Users\annasaheb.bhore\.m2\repository\io\rest-assured\rest-assured\3.0.5\rest-assured-3.0.5.jar;C:\Users\annasaheb.bhore\.m2\repository\org\codehaus\groovy\groovy\2.4.9\groovy-2.4.9.jar;C:\Users\annasaheb.bhore\.m2\repository\org\codehaus\groovy\groovy-xml\2.4.9\groovy-xml-2.4.9.jar;C:\Users\annasaheb.bhore\.m2\repository\org\apache\httpcomponents\httpclient\4.5.3\httpclient-4.5.3.jar;C:\Users\annasaheb.bhore\.m2\repository\org\apache\httpcomponents\httpcore\4.4.6\httpcore-4.4.6.jar;C:\Users\annasaheb.bhore\.m2\repository\commons-logging\commons-logging\1.2\commons-logging-1.2.jar;C:\Users\annasaheb.bhore\.m2\repository\commons-codec\commons-codec\1.9\commons-codec-1.9.jar;C:\Users\annasaheb.bhore\.m2\repository\org\apache\httpcomponents\httpmime\4.5.1\httpmime-4.5.1.jar;C:\Users\annasaheb.bhore\.m2\repository\org\hamcrest\hamcrest-core\1.3\hamcrest-core-1.3.jar;C:\Users\annasaheb.bhore\.m2\repository\org\hamcrest\hamcrest-library\1.3\hamcrest-library-1.3.jar;C:\Users\annasaheb.bhore\.m2\repository\org\ccil\cowan\tagsoup\tagsoup\1.2.1\tagsoup-1.2.1.jar;C:\Users\annasaheb.bhore\.m2\repository\io\rest-assured\json-path\3.0.5\json-path-3.0.5.jar;C:\Users\annasaheb.bhore\.m2\repository\org\codehaus\groovy\groovy-json\2.4.9\groovy-json-2.4.9.jar;C:\Users\annasaheb.bhore\.m2\repository\io\rest-assured\rest-assured-common\3.0.5\rest-assured-common-3.0.5.jar;C:\Users\annasaheb.bhore\.m2\repository\io\rest-assured\xml-path\3.0.5\xml-path-3.0.5.jar;C:\Users\annasaheb.bhore\.m2\repository\io\appium\java-client\5.0.2\java-client-5.0.2.jar;C:\Users\annasaheb.bhore\.m2\repository\org\seleniumhq\selenium\selenium-java\3.5.3\selenium-java-3.5.3.jar;C:\Users\annasaheb.bhore\.m2\repository\org\seleniumhq\selenium\selenium-chrome-driver\3.5.3\selenium-chrome-driver-3.5.3.jar;C:\Users\annasaheb.bhore\.m2\repository\org\seleniumhq\selenium\selenium-edge-driver\3.5.3\selenium-edge-driver-3.5.3.jar;C:\Users\annasaheb.bhore\.m2\repository\org\seleniumhq\selenium\selenium-firefox-driver\3.5.3\selenium-firefox-driver-3.5.3.jar;C:\Users\annasaheb.bhore\.m2\repository\org\seleniumhq\selenium\selenium-ie-driver\3.5.3\selenium-ie-driver-3.5.3.jar;C:\Users\annasaheb.bhore\.m2\repository\org\seleniumhq\selenium\selenium-opera-driver\3.5.3\selenium-opera-driver-3.5.3.jar;C:\Users\annasaheb.bhore\.m2\repository\org\seleniumhq\selenium\selenium-remote-driver\3.5.3\selenium-remote-driver-3.5.3.jar;C:\Users\annasaheb.bhore\.m2\repository\org\seleniumhq\selenium\selenium-safari-driver\3.5.3\selenium-safari-driver-3.5.3.jar;C:\Users\annasaheb.bhore\.m2\repository\cglib\cglib-nodep\3.2.4\cglib-nodep-3.2.4.jar;C:\Users\annasaheb.bhore\.m2\repository\org\apache\commons\commons-exec\1.3\commons-exec-1.3.jar;C:\Users\annasaheb.bhore\.m2\repository\org\w3c\css\sac\1.3\sac-1.3.jar;C:\Users\annasaheb.bhore\.m2\repository\net\sourceforge\cssparser\cssparser\0.9.23\cssparser-0.9.23.jar;C:\Users\annasaheb.bhore\.m2\repository\com\google\guava\guava\23.0\guava-23.0.jar;C:\Users\annasaheb.bhore\.m2\repository\com\google\code\findbugs\jsr305\1.3.9\jsr305-1.3.9.jar;C:\Users\annasaheb.bhore\.m2\repository\com\google\errorprone\error_prone_annotations\2.0.18\error_prone_annotations-2.0.18.jar;C:\Users\annasaheb.bhore\.m2\repository\com\google\j2objc\j2objc-annotations\1.1\j2objc-annotations-1.1.jar;C:\Users\annasaheb.bhore\.m2\repository\org\codehaus\mojo\animal-sniffer-annotations\1.14\animal-sniffer-annotations-1.14.jar;C:\Users\annasaheb.bhore\.m2\repository\net\sourceforge\htmlunit\htmlunit\2.27\htmlunit-2.27.jar;C:\Users\annasaheb.bhore\.m2\repository\net\sourceforge\htmlunit\htmlunit-core-js\2.27\htmlunit-core-js-2.27.jar;C:\Users\annasaheb.bhore\.m2\repository\net\sourceforge\htmlunit\neko-htmlunit\2.27\neko-htmlunit-2.27.jar;C:\Users\annasaheb.bhore\.m2\repository\org\eclipse\jetty\jetty-client\9.4.5.v20170502\jetty-client-9.4.5.v20170502.jar;C:\Users\annasaheb.bhore\.m2\repository\org\eclipse\jetty\jetty-http\9.4.5.v20170502\jetty-http-9.4.5.v20170502.jar;C:\Users\annasaheb.bhore\.m2\repository\org\eclipse\jetty\jetty-io\9.4.5.v20170502\jetty-io-9.4.5.v20170502.jar;C:\Users\annasaheb.bhore\.m2\repository\org\eclipse\jetty\jetty-util\9.4.5.v20170502\jetty-util-9.4.5.v20170502.jar;C:\Users\annasaheb.bhore\.m2\repository\net\java\dev\jna\jna\4.1.0\jna-4.1.0.jar;C:\Users\annasaheb.bhore\.m2\repository\net\java\dev\jna\jna-platform\4.1.0\jna-platform-4.1.0.jar;C:\Users\annasaheb.bhore\.m2\repository\com\codeborne\phantomjsdriver\1.4.0\phantomjsdriver-1.4.0.jar;C:\Users\annasaheb.bhore\.m2\repository\org\seleniumhq\selenium\htmlunit-driver\2.27\htmlunit-driver-2.27.jar;C:\Users\annasaheb.bhore\.m2\repository\javax\servlet\javax.servlet-api\3.1.0\javax.servlet-api-3.1.0.jar;C:\Users\annasaheb.bhore\.m2\repository\org\eclipse\jetty\websocket\websocket-api\9.4.5.v20170502\websocket-api-9.4.5.v20170502.jar;C:\Users\annasaheb.bhore\.m2\repository\org\eclipse\jetty\websocket\websocket-client\9.4.5.v20170502\websocket-client-9.4.5.v20170502.jar;C:\Users\annasaheb.bhore\.m2\repository\org\eclipse\jetty\websocket\websocket-common\9.4.5.v20170502\websocket-common-9.4.5.v20170502.jar;C:\Users\annasaheb.bhore\.m2\repository\xalan\serializer\2.7.2\serializer-2.7.2.jar;C:\Users\annasaheb.bhore\.m2\repository\xalan\xalan\2.7.2\xalan-2.7.2.jar;C:\Users\annasaheb.bhore\.m2\repository\xerces\xercesImpl\2.11.0\xercesImpl-2.11.0.jar;C:\Users\annasaheb.bhore\.m2\repository\xml-apis\xml-apis\1.4.01\xml-apis-1.4.01.jar;C:\Users\annasaheb.bhore\.m2\repository\org\seleniumhq\selenium\selenium-support\3.5.3\selenium-support-3.5.3.jar;C:\Users\annasaheb.bhore\.m2\repository\org\seleniumhq\selenium\selenium-api\3.5.3\selenium-api-3.5.3.jar;C:\Users\annasaheb.bhore\.m2\repository\com\google\code\gson\gson\2.8.1\gson-2.8.1.jar;C:\Users\annasaheb.bhore\.m2\repository\cglib\cglib\3.2.5\cglib-3.2.5.jar;C:\Users\annasaheb.bhore\.m2\repository\org\ow2\asm\asm\5.2\asm-5.2.jar;C:\Users\annasaheb.bhore\.m2\repository\org\apache\ant\ant\1.9.6\ant-1.9.6.jar;C:\Users\annasaheb.bhore\.m2\repository\org\apache\ant\ant-launcher\1.9.6\ant-launcher-1.9.6.jar;C:\Users\annasaheb.bhore\.m2\repository\commons-validator\commons-validator\1.6\commons-validator-1.6.jar;C:\Users\annasaheb.bhore\.m2\repository\commons-beanutils\commons-beanutils\1.9.2\commons-beanutils-1.9.2.jar;C:\Users\annasaheb.bhore\.m2\repository\commons-digester\commons-digester\1.8.1\commons-digester-1.8.1.jar;C:\Users\annasaheb.bhore\.m2\repository\commons-collections\commons-collections\3.2.2\commons-collections-3.2.2.jar;C:\Users\annasaheb.bhore\.m2\repository\org\apache\commons\commons-lang3\3.6\commons-lang3-3.6.jar;C:\Users\annasaheb.bhore\.m2\repository\commons-io\commons-io\2.5\commons-io-2.5.jar;C:\Users\annasaheb.bhore\.m2\repository\org\springframework\spring-context\4.3.10.RELEASE\spring-context-4.3.10.RELEASE.jar;C:\Users\annasaheb.bhore\.m2\repository\org\springframework\spring-aop\4.3.10.RELEASE\spring-aop-4.3.10.RELEASE.jar;C:\Users\annasaheb.bhore\.m2\repository\org\springframework\spring-beans\4.3.10.RELEASE\spring-beans-4.3.10.RELEASE.jar;C:\Users\annasaheb.bhore\.m2\repository\org\springframework\spring-core\4.3.10.RELEASE\spring-core-4.3.10.RELEASE.jar;C:\Users\annasaheb.bhore\.m2\repository\org\springframework\spring-expression\4.3.10.RELEASE\spring-expression-4.3.10.RELEASE.jar;C:\Users\annasaheb.bhore\.m2\repository\org\aspectj\aspectjweaver\1.8.10\aspectjweaver-1.8.10.jar;C:\Users\annasaheb.bhore\.m2\repository\org\openpnp\opencv\3.2.0-1\opencv-3.2.0-1.jar;C:\Users\annasaheb.bhore\.m2\repository\junit\junit\3.8.1\junit-3.8.1.jar;"/>
    <property name="java.vm.vendor" value="Oracle Corporation"/>
    <property name="sun.arch.data.model" value="64"/>
    <property name="user.variant" value=""/>
    <property name="java.vendor.url" value="http://java.oracle.com/"/>
    <property name="user.timezone" value="Asia/Calcutta"/>
    <property name="java.vm.specification.version" value="1.8"/>
    <property name="os.name" value="Windows 10"/>
    <property name="user.country" value="IN"/>
    <property name="sun.java.launcher" value="SUN_STANDARD"/>
    <property name="sun.boot.library.path" value="C:\Program Files\Java\jdk1.8.0_211\jre\bin"/>
    <property name="sun.java.command" value="C:\Users\annasaheb.bhore\AppData\Local\Temp\surefire660480802145453726\surefirebooter5814174191129592090.jar C:\Users\annasaheb.bhore\AppData\Local\Temp\surefire660480802145453726 2019-08-07T17-05-11_036-jvmRun1 surefire744530893975176417tmp surefire_02897276383299024787tmp"/>
    <property name="surefire.test.class.path" value="E:\ANNA SPRING BOOT AND ANGULAR\MAVEN PROJECT TESTING ENV\MavenJava\target\test-classes;E:\ANNA SPRING BOOT AND ANGULAR\MAVEN PROJECT TESTING ENV\MavenJava\target\classes;C:\Users\annasaheb.bhore\.m2\repository\org\testng\testng\6.11\testng-6.11.jar;C:\Users\annasaheb.bhore\.m2\repository\com\beust\jcommander\1.64\jcommander-1.64.jar;C:\Users\annasaheb.bhore\.m2\repository\org\yaml\snakeyaml\1.17\snakeyaml-1.17.jar;C:\Users\annasaheb.bhore\.m2\repository\io\rest-assured\rest-assured\3.0.5\rest-assured-3.0.5.jar;C:\Users\annasaheb.bhore\.m2\repository\org\codehaus\groovy\groovy\2.4.9\groovy-2.4.9.jar;C:\Users\annasaheb.bhore\.m2\repository\org\codehaus\groovy\groovy-xml\2.4.9\groovy-xml-2.4.9.jar;C:\Users\annasaheb.bhore\.m2\repository\org\apache\httpcomponents\httpclient\4.5.3\httpclient-4.5.3.jar;C:\Users\annasaheb.bhore\.m2\repository\org\apache\httpcomponents\httpcore\4.4.6\httpcore-4.4.6.jar;C:\Users\annasaheb.bhore\.m2\repository\commons-logging\commons-logging\1.2\commons-logging-1.2.jar;C:\Users\annasaheb.bhore\.m2\repository\commons-codec\commons-codec\1.9\commons-codec-1.9.jar;C:\Users\annasaheb.bhore\.m2\repository\org\apache\httpcomponents\httpmime\4.5.1\httpmime-4.5.1.jar;C:\Users\annasaheb.bhore\.m2\repository\org\hamcrest\hamcrest-core\1.3\hamcrest-core-1.3.jar;C:\Users\annasaheb.bhore\.m2\repository\org\hamcrest\hamcrest-library\1.3\hamcrest-library-1.3.jar;C:\Users\annasaheb.bhore\.m2\repository\org\ccil\cowan\tagsoup\tagsoup\1.2.1\tagsoup-1.2.1.jar;C:\Users\annasaheb.bhore\.m2\repository\io\rest-assured\json-path\3.0.5\json-path-3.0.5.jar;C:\Users\annasaheb.bhore\.m2\repository\org\codehaus\groovy\groovy-json\2.4.9\groovy-json-2.4.9.jar;C:\Users\annasaheb.bhore\.m2\repository\io\rest-assured\rest-assured-common\3.0.5\rest-assured-common-3.0.5.jar;C:\Users\annasaheb.bhore\.m2\repository\io\rest-assured\xml-path\3.0.5\xml-path-3.0.5.jar;C:\Users\annasaheb.bhore\.m2\repository\io\appium\java-client\5.0.2\java-client-5.0.2.jar;C:\Users\annasaheb.bhore\.m2\repository\org\seleniumhq\selenium\selenium-java\3.5.3\selenium-java-3.5.3.jar;C:\Users\annasaheb.bhore\.m2\repository\org\seleniumhq\selenium\selenium-chrome-driver\3.5.3\selenium-chrome-driver-3.5.3.jar;C:\Users\annasaheb.bhore\.m2\repository\org\seleniumhq\selenium\selenium-edge-driver\3.5.3\selenium-edge-driver-3.5.3.jar;C:\Users\annasaheb.bhore\.m2\repository\org\seleniumhq\selenium\selenium-firefox-driver\3.5.3\selenium-firefox-driver-3.5.3.jar;C:\Users\annasaheb.bhore\.m2\repository\org\seleniumhq\selenium\selenium-ie-driver\3.5.3\selenium-ie-driver-3.5.3.jar;C:\Users\annasaheb.bhore\.m2\repository\org\seleniumhq\selenium\selenium-opera-driver\3.5.3\selenium-opera-driver-3.5.3.jar;C:\Users\annasaheb.bhore\.m2\repository\org\seleniumhq\selenium\selenium-remote-driver\3.5.3\selenium-remote-driver-3.5.3.jar;C:\Users\annasaheb.bhore\.m2\repository\org\seleniumhq\selenium\selenium-safari-driver\3.5.3\selenium-safari-driver-3.5.3.jar;C:\Users\annasaheb.bhore\.m2\repository\cglib\cglib-nodep\3.2.4\cglib-nodep-3.2.4.jar;C:\Users\annasaheb.bhore\.m2\repository\org\apache\commons\commons-exec\1.3\commons-exec-1.3.jar;C:\Users\annasaheb.bhore\.m2\repository\org\w3c\css\sac\1.3\sac-1.3.jar;C:\Users\annasaheb.bhore\.m2\repository\net\sourceforge\cssparser\cssparser\0.9.23\cssparser-0.9.23.jar;C:\Users\annasaheb.bhore\.m2\repository\com\google\guava\guava\23.0\guava-23.0.jar;C:\Users\annasaheb.bhore\.m2\repository\com\google\code\findbugs\jsr305\1.3.9\jsr305-1.3.9.jar;C:\Users\annasaheb.bhore\.m2\repository\com\google\errorprone\error_prone_annotations\2.0.18\error_prone_annotations-2.0.18.jar;C:\Users\annasaheb.bhore\.m2\repository\com\google\j2objc\j2objc-annotations\1.1\j2objc-annotations-1.1.jar;C:\Users\annasaheb.bhore\.m2\repository\org\codehaus\mojo\animal-sniffer-annotations\1.14\animal-sniffer-annotations-1.14.jar;C:\Users\annasaheb.bhore\.m2\repository\net\sourceforge\htmlunit\htmlunit\2.27\htmlunit-2.27.jar;C:\Users\annasaheb.bhore\.m2\repository\net\sourceforge\htmlunit\htmlunit-core-js\2.27\htmlunit-core-js-2.27.jar;C:\Users\annasaheb.bhore\.m2\repository\net\sourceforge\htmlunit\neko-htmlunit\2.27\neko-htmlunit-2.27.jar;C:\Users\annasaheb.bhore\.m2\repository\org\eclipse\jetty\jetty-client\9.4.5.v20170502\jetty-client-9.4.5.v20170502.jar;C:\Users\annasaheb.bhore\.m2\repository\org\eclipse\jetty\jetty-http\9.4.5.v20170502\jetty-http-9.4.5.v20170502.jar;C:\Users\annasaheb.bhore\.m2\repository\org\eclipse\jetty\jetty-io\9.4.5.v20170502\jetty-io-9.4.5.v20170502.jar;C:\Users\annasaheb.bhore\.m2\repository\org\eclipse\jetty\jetty-util\9.4.5.v20170502\jetty-util-9.4.5.v20170502.jar;C:\Users\annasaheb.bhore\.m2\repository\net\java\dev\jna\jna\4.1.0\jna-4.1.0.jar;C:\Users\annasaheb.bhore\.m2\repository\net\java\dev\jna\jna-platform\4.1.0\jna-platform-4.1.0.jar;C:\Users\annasaheb.bhore\.m2\repository\com\codeborne\phantomjsdriver\1.4.0\phantomjsdriver-1.4.0.jar;C:\Users\annasaheb.bhore\.m2\repository\org\seleniumhq\selenium\htmlunit-driver\2.27\htmlunit-driver-2.27.jar;C:\Users\annasaheb.bhore\.m2\repository\javax\servlet\javax.servlet-api\3.1.0\javax.servlet-api-3.1.0.jar;C:\Users\annasaheb.bhore\.m2\repository\org\eclipse\jetty\websocket\websocket-api\9.4.5.v20170502\websocket-api-9.4.5.v20170502.jar;C:\Users\annasaheb.bhore\.m2\repository\org\eclipse\jetty\websocket\websocket-client\9.4.5.v20170502\websocket-client-9.4.5.v20170502.jar;C:\Users\annasaheb.bhore\.m2\repository\org\eclipse\jetty\websocket\websocket-common\9.4.5.v20170502\websocket-common-9.4.5.v20170502.jar;C:\Users\annasaheb.bhore\.m2\repository\xalan\serializer\2.7.2\serializer-2.7.2.jar;C:\Users\annasaheb.bhore\.m2\repository\xalan\xalan\2.7.2\xalan-2.7.2.jar;C:\Users\annasaheb.bhore\.m2\repository\xerces\xercesImpl\2.11.0\xercesImpl-2.11.0.jar;C:\Users\annasaheb.bhore\.m2\repository\xml-apis\xml-apis\1.4.01\xml-apis-1.4.01.jar;C:\Users\annasaheb.bhore\.m2\repository\org\seleniumhq\selenium\selenium-support\3.5.3\selenium-support-3.5.3.jar;C:\Users\annasaheb.bhore\.m2\repository\org\seleniumhq\selenium\selenium-api\3.5.3\selenium-api-3.5.3.jar;C:\Users\annasaheb.bhore\.m2\repository\com\google\code\gson\gson\2.8.1\gson-2.8.1.jar;C:\Users\annasaheb.bhore\.m2\repository\cglib\cglib\3.2.5\cglib-3.2.5.jar;C:\Users\annasaheb.bhore\.m2\repository\org\ow2\asm\asm\5.2\asm-5.2.jar;C:\Users\annasaheb.bhore\.m2\repository\org\apache\ant\ant\1.9.6\ant-1.9.6.jar;C:\Users\annasaheb.bhore\.m2\repository\org\apache\ant\ant-launcher\1.9.6\ant-launcher-1.9.6.jar;C:\Users\annasaheb.bhore\.m2\repository\commons-validator\commons-validator\1.6\commons-validator-1.6.jar;C:\Users\annasaheb.bhore\.m2\repository\commons-beanutils\commons-beanutils\1.9.2\commons-beanutils-1.9.2.jar;C:\Users\annasaheb.bhore\.m2\repository\commons-digester\commons-digester\1.8.1\commons-digester-1.8.1.jar;C:\Users\annasaheb.bhore\.m2\repository\commons-collections\commons-collections\3.2.2\commons-collections-3.2.2.jar;C:\Users\annasaheb.bhore\.m2\repository\org\apache\commons\commons-lang3\3.6\commons-lang3-3.6.jar;C:\Users\annasaheb.bhore\.m2\repository\commons-io\commons-io\2.5\commons-io-2.5.jar;C:\Users\annasaheb.bhore\.m2\repository\org\springframework\spring-context\4.3.10.RELEASE\spring-context-4.3.10.RELEASE.jar;C:\Users\annasaheb.bhore\.m2\repository\org\springframework\spring-aop\4.3.10.RELEASE\spring-aop-4.3.10.RELEASE.jar;C:\Users\annasaheb.bhore\.m2\repository\org\springframework\spring-beans\4.3.10.RELEASE\spring-beans-4.3.10.RELEASE.jar;C:\Users\annasaheb.bhore\.m2\repository\org\springframework\spring-core\4.3.10.RELEASE\spring-core-4.3.10.RELEASE.jar;C:\Users\annasaheb.bhore\.m2\repository\org\springframework\spring-expression\4.3.10.RELEASE\spring-expression-4.3.10.RELEASE.jar;C:\Users\annasaheb.bhore\.m2\repository\org\aspectj\aspectjweaver\1.8.10\aspectjweaver-1.8.10.jar;C:\Users\annasaheb.bhore\.m2\repository\org\openpnp\opencv\3.2.0-1\opencv-3.2.0-1.jar;C:\Users\annasaheb.bhore\.m2\repository\junit\junit\3.8.1\junit-3.8.1.jar;"/>
    <property name="sun.cpu.endian" value="little"/>
    <property name="user.home" value="C:\Users\annasaheb.bhore"/>
    <property name="user.language" value="en"/>
    <property name="java.specification.vendor" value="Oracle Corporation"/>
    <property name="java.home" value="C:\Program Files\Java\jdk1.8.0_211\jre"/>
    <property name="basedir" value="E:\ANNA SPRING BOOT AND ANGULAR\MAVEN PROJECT TESTING ENV\MavenJava"/>
    <property name="file.separator" value="\"/>
    <property name="line.separator" value="&#10;"/>
    <property name="java.vm.specification.vendor" value="Oracle Corporation"/>
    <property name="java.specification.name" value="Java Platform API Specification"/>
    <property name="java.awt.graphicsenv" value="sun.awt.Win32GraphicsEnvironment"/>
    <property name="surefire.real.class.path" value="C:\Users\annasaheb.bhore\AppData\Local\Temp\surefire660480802145453726\surefirebooter5814174191129592090.jar"/>
    <property name="sun.boot.class.path" value="C:\Program Files\Java\jdk1.8.0_211\jre\lib\resources.jar;C:\Program Files\Java\jdk1.8.0_211\jre\lib\rt.jar;C:\Program Files\Java\jdk1.8.0_211\jre\lib\sunrsasign.jar;C:\Program Files\Java\jdk1.8.0_211\jre\lib\jsse.jar;C:\Program Files\Java\jdk1.8.0_211\jre\lib\jce.jar;C:\Program Files\Java\jdk1.8.0_211\jre\lib\charsets.jar;C:\Program Files\Java\jdk1.8.0_211\jre\lib\jfr.jar;C:\Program Files\Java\jdk1.8.0_211\jre\classes"/>
    <property name="user.script" value=""/>
    <property name="sun.management.compiler" value="HotSpot 64-Bit Tiered Compilers"/>
    <property name="java.runtime.version" value="1.8.0_211-b12"/>
    <property name="user.name" value="annasaheb.bhore"/>
    <property name="path.separator" value=";"/>
    <property name="os.version" value="10.0"/>
    <property name="java.endorsed.dirs" value="C:\Program Files\Java\jdk1.8.0_211\jre\lib\endorsed"/>
    <property name="java.runtime.name" value="Java(TM) SE Runtime Environment"/>
    <property name="file.encoding" value="Cp1252"/>
    <property name="java.vm.name" value="Java HotSpot(TM) 64-Bit Server VM"/>
    <property name="localRepository" value="C:\Users\annasaheb.bhore\.m2\repository"/>
    <property name="java.vendor.url.bug" value="http://bugreport.sun.com/bugreport/"/>
    <property name="java.io.tmpdir" value="C:\Users\ANNASA~1.BHO\AppData\Local\Temp\"/>
    <property name="java.version" value="1.8.0_211"/>
    <property name="user.dir" value="E:\ANNA SPRING BOOT AND ANGULAR\MAVEN PROJECT TESTING ENV\MavenJava"/>
    <property name="os.arch" value="amd64"/>
    <property name="java.vm.specification.name" value="Java Virtual Machine Specification"/>
    <property name="java.awt.printerjob" value="sun.awt.windows.WPrinterJob"/>
    <property name="sun.os.patch.level" value=""/>
    <property name="java.library.path" value="C:\Program Files\Java\jdk1.8.0_211\jre\bin;C:\Windows\Sun\Java\bin;C:\Windows\system32;C:\Windows;C:\ProgramData\DockerDesktop\version-bin;C:\Program Files\Docker\Docker\Resources\bin;C:\Program Files (x86)\Common Files\Oracle\Java\javapath;C:\oraclexe\app\oracle\product\10.2.0\server\bin;C:\ProgramData\Oracle\Java\javapath;C:\Windows\system32;C:\Windows;C:\Windows\System32\Wbem;C:\Windows\System32\WindowsPowerShell\v1.0\;C:\Program Files\nodejs\;C:\Program Files\Git\cmd;C:\Program Files\TortoiseSVN\bin;C:\Program Files (x86)\Java\jdk1.8.0_65\bin;C:\Program Files\apache-maven-3.5.4\bin;C:\flutter\bin;C:\Users\annasaheb.bhore\AppData\Local\Android\Sdk\tools;C:\Users\annasaheb.bhore\AppData\Local\Android\Sdk\platform-tools;E:\Apache Software Foundation\Tomcat 8.0\bin;C:\Users\annasaheb.bhore\Desktop\APTS PERFORAMVE REPORT\TESTING ENVO\ffmpeg\bin;C:\Program Files\Java\jdk1.8.0_211\bin;C:\Program Files\Notepad++;C:\Program Files\Git\bin;C:\Users\annasaheb.bhore\AppData\Local\Microsoft\WindowsApps;C:\Users\annasaheb.bhore\AppData\Roaming\npm;C:\Users\annasaheb.bhore\AppData\Local\Programs\Microsoft VS Code\bin;C:\flutter\bin;C:\Users\annasaheb.bhore\AppData\Local\Android\Sdk\tools;C:\Users\annasaheb.bhore\AppData\Local\Android\Sdk\platform-tools;E:\Apache Software Foundation\Tomcat 8.0\bin;C:\Users\annasaheb.bhore\Desktop\APTS PERFORAMVE REPORT\TESTING ENVO\ffmpeg\bin;C:\Program Files\Notepad++;C:\Users\annasaheb.bhore\AppData\Local\GitHubDesktop\bin;C:\Program Files\Java\jdk1.8.0_211\bin;C:\Program Files\apache-maven-3.5.4\bin;;C:\Program Files\JetBrains\IntelliJ IDEA 2019.1.3\bin;;."/>
    <property name="java.vm.info" value="mixed mode"/>
    <property name="java.vendor" value="Oracle Corporation"/>
    <property name="java.vm.version" value="25.211-b12"/>
    <property name="java.ext.dirs" value="C:\Program Files\Java\jdk1.8.0_211\jre\lib\ext;C:\Windows\Sun\Java\lib\ext"/>
    <property name="sun.io.unicode.encoding" value="UnicodeLittle"/>
    <property name="java.class.version" value="52.0"/>
  </properties>
  <testcase name="getTestngTest" classname="in.net.usit.mavenjava.TestngTest" time="0.014"/>
  <testcase name="postTestngTest" classname="in.net.usit.mavenjava.TestngTest" time="0.003"/>
</testsuite>