<?xml version="1.0" encoding="UTF-8"?>
<!-- Generated by org.testng.reporters.JUnitReportReporter -->
<testsuite skipped="0" hostname="AnnasahebBhore" name="in.net.usit.mavenjava.SeleniumTest" tests="2" failures="0" timestamp="07 Aug 2019 11:34:45 GMT" time="0.001" errors="0">
  <testcase name="postSeleniumTest" time="0.001" classname="in.net.usit.mavenjava.SeleniumTest"/>
  <testcase name="getSeleniumTest" time="0.000" classname="in.net.usit.mavenjava.SeleniumTest"/>
</testsuite> <!-- in.net.usit.mavenjava.SeleniumTest -->
