<?xml version="1.0" encoding="UTF-8"?>
<!-- Generated by org.testng.reporters.JUnitReportReporter -->
<testsuite skipped="0" hostname="AnnasahebBhore" name="in.net.usit.mavenjava.TestngTest" tests="2" failures="0" timestamp="07 Aug 2019 11:35:13 GMT" time="0.009" errors="0">
  <testcase name="postTestngTest" time="0.000" classname="in.net.usit.mavenjava.TestngTest"/>
  <testcase name="getTestngTest" time="0.009" classname="in.net.usit.mavenjava.TestngTest"/>
</testsuite> <!-- in.net.usit.mavenjava.TestngTest -->
